2023-08-11 17:38:43,026.beachday_server.INFO =============================================================
2023-08-11 17:38:43,027.beachday_server.INFO Today is 2023-08-11 at 05:38 PM
2023-08-11 17:38:43,028.beachday_server.INFO This file is running on: nt Windows 10
2023-08-11 17:38:43,028.beachday_server.INFO The Python version is: 3.9.5
2023-08-11 17:38:43,029.beachday_server.INFO The active environment path is:   C:\Users\timgo\OneDrive\Desktop\School\Summer2023\Continuous Intelligence\Module07\cintel-07-final\.venv
2023-08-11 17:38:43,029.beachday_server.INFO The current working directory is: C:\Users\timgo\OneDrive\Desktop\School\Summer2023\Continuous Intelligence\Module07\cintel-07-final
2023-08-11 17:38:43,030.beachday_server.INFO =============================================================
2023-08-11 17:38:46,308.beachday_server.INFO mtcars_temperature_location_string starting
2023-08-11 17:38:46,309.beachday_server.INFO Recent Temperature in F for Bondi Beach, Australia.
Updated once per minute for 15 minutes.
Keeps the most recent 10 minutes of data.
2023-08-11 17:38:46,316.beachday_server.INFO READING df from C:\Users\timgo\OneDrive\Desktop\School\Summer2023\Continuous Intelligence\Module07\cintel-07-final\data\beaches.csv
2023-08-11 17:38:46,322.beachday_server.INFO READING df len 20
2023-08-11 17:38:46,351.beachday_server.INFO Rendering TEMP table with 2 rows
2023-08-11 17:38:46,456.beachday_server.INFO Rendering TEMP chart with 2 points
2023-08-11 17:38:49,308.beachday_server.INFO READING df from C:\Users\timgo\OneDrive\Desktop\School\Summer2023\Continuous Intelligence\Module07\cintel-07-final\data\beaches.csv
2023-08-11 17:38:49,320.beachday_server.INFO READING df len 10
2023-08-11 17:38:49,322.beachday_server.INFO Rendering TEMP table with 1 rows
2023-08-11 17:38:49,328.beachday_server.INFO Rendering TEMP chart with 1 points
2023-08-11 17:39:51,070.beachday_server.INFO READING df from C:\Users\timgo\OneDrive\Desktop\School\Summer2023\Continuous Intelligence\Module07\cintel-07-final\data\beaches.csv
2023-08-11 17:39:51,083.beachday_server.INFO READING df len 20
2023-08-11 17:39:51,084.beachday_server.INFO Rendering TEMP table with 2 rows
2023-08-11 17:39:51,090.beachday_server.INFO Rendering TEMP chart with 2 points
2023-08-11 17:40:52,812.beachday_server.INFO READING df from C:\Users\timgo\OneDrive\Desktop\School\Summer2023\Continuous Intelligence\Module07\cintel-07-final\data\beaches.csv
2023-08-11 17:40:52,826.beachday_server.INFO READING df len 30
2023-08-11 17:40:52,827.beachday_server.INFO Rendering TEMP table with 3 rows
2023-08-11 17:40:52,837.beachday_server.INFO Rendering TEMP chart with 3 points
2023-08-11 17:41:55,746.beachday_server.INFO READING df from C:\Users\timgo\OneDrive\Desktop\School\Summer2023\Continuous Intelligence\Module07\cintel-07-final\data\beaches.csv
2023-08-11 17:41:55,759.beachday_server.INFO READING df len 40
2023-08-11 17:41:55,761.beachday_server.INFO Rendering TEMP table with 4 rows
2023-08-11 17:41:55,770.beachday_server.INFO Rendering TEMP chart with 4 points
