2023-08-07 21:38:37,535.continuous_stock.INFO =============================================================
2023-08-07 21:38:37,535.continuous_stock.INFO Today is 2023-08-07 at 09:38 PM
2023-08-07 21:38:37,536.continuous_stock.INFO This file is running on: nt Windows 10
2023-08-07 21:38:37,537.continuous_stock.INFO The Python version is: 3.9.5
2023-08-07 21:38:37,537.continuous_stock.INFO The active environment path is:   C:\Users\timgo\OneDrive\Desktop\School\Summer2023\Continuous Intelligence\Module07\cintel-07-final\.venv
2023-08-07 21:38:37,537.continuous_stock.INFO The current working directory is: C:\Users\timgo\OneDrive\Desktop\School\Summer2023\Continuous Intelligence\Module07\cintel-07-final
2023-08-07 21:38:37,538.continuous_stock.INFO =============================================================
2023-08-07 21:38:55,403.continuous_stock.INFO Calling update_csv_stock
2023-08-07 21:38:55,404.continuous_stock.INFO update_interval: 60
2023-08-07 21:38:55,405.continuous_stock.INFO total_runtime: 900
2023-08-07 21:38:55,406.continuous_stock.INFO num_updates: 40
2023-08-07 21:38:55,408.continuous_stock.INFO Initialized csv file at C:\Users\timgo\OneDrive\Desktop\School\Summer2023\Continuous Intelligence\Module07\cintel-07-final\data\mtcars_stock.csv
2023-08-07 21:38:55,409.continuous_stock.INFO Querying yahoo finance for {ticker}
2023-08-07 21:38:55,410.continuous_stock.INFO Calling fetch_from_url for https://query1.finance.yahoo.com/v7/finance/options/DUOL
2023-08-07 21:38:55,571.continuous_stock.INFO Data for DUOL: <fetch.HttpResponse object at 0x0000024A0D9A78E0>
2023-08-07 21:38:55,572.continuous_stock.INFO Querying yahoo finance for {ticker}
2023-08-07 21:38:55,572.continuous_stock.INFO Calling fetch_from_url for https://query1.finance.yahoo.com/v7/finance/options/COCO
2023-08-07 21:38:55,670.continuous_stock.INFO Data for COCO: <fetch.HttpResponse object at 0x0000024A0D9A78E0>
2023-08-07 21:38:55,671.continuous_stock.INFO Querying yahoo finance for {ticker}
2023-08-07 21:38:55,672.continuous_stock.INFO Calling fetch_from_url for https://query1.finance.yahoo.com/v7/finance/options/CRCT
2023-08-07 21:38:55,815.continuous_stock.INFO Data for CRCT: <fetch.HttpResponse object at 0x0000024A0D9A78E0>
2023-08-07 21:38:55,816.continuous_stock.INFO Querying yahoo finance for {ticker}
2023-08-07 21:38:55,817.continuous_stock.INFO Calling fetch_from_url for https://query1.finance.yahoo.com/v7/finance/options/BIRD
2023-08-07 21:38:55,987.continuous_stock.INFO Data for BIRD: <fetch.HttpResponse object at 0x0000024A0D9A78E0>
2023-08-07 21:38:55,991.continuous_stock.INFO Saving stock prices to C:\Users\timgo\OneDrive\Desktop\School\Summer2023\Continuous Intelligence\Module07\cintel-07-final\data\mtcars_stock.csv
