2023-08-07 21:38:39,950.mtcars_server.INFO =============================================================
2023-08-07 21:38:39,950.mtcars_server.INFO Today is 2023-08-07 at 09:38 PM
2023-08-07 21:38:39,951.mtcars_server.INFO This file is running on: nt Windows 10
2023-08-07 21:38:39,951.mtcars_server.INFO The Python version is: 3.9.5
2023-08-07 21:38:39,951.mtcars_server.INFO The active environment path is:   C:\Users\timgo\OneDrive\Desktop\School\Summer2023\Continuous Intelligence\Module07\cintel-07-final\.venv
2023-08-07 21:38:39,952.mtcars_server.INFO The current working directory is: C:\Users\timgo\OneDrive\Desktop\School\Summer2023\Continuous Intelligence\Module07\cintel-07-final
2023-08-07 21:38:39,952.mtcars_server.INFO =============================================================
2023-08-07 21:38:46,890.mtcars_server.DEBUG filter message: Showing 32 of 32 records
2023-08-07 21:38:47,089.mtcars_server.INFO Starting mtcars_output_widget1
2023-08-07 21:38:49,092.mtcars_server.INFO Starting mtcars_plot1
2023-08-07 21:38:54,177.mtcars_server.INFO READING df from C:\Users\timgo\OneDrive\Desktop\School\Summer2023\Continuous Intelligence\Module07\cintel-07-final\data\mtcars_location.csv
2023-08-07 21:38:54,187.mtcars_server.INFO READING df len 12
2023-08-07 21:38:54,188.mtcars_server.INFO init reactive_temp_df len: 12
2023-08-07 21:38:54,191.mtcars_server.INFO mtcars_temperature_location_string starting
2023-08-07 21:38:54,192.mtcars_server.INFO Recent Temperature in F for ELY MN.
Updated once per minute for 15 minutes.
Keeps the most recent 10 minutes of data.
2023-08-07 21:38:54,197.mtcars_server.INFO Rendering TEMP table with 3 rows
2023-08-07 21:38:54,213.mtcars_server.INFO Rendering TEMP chart with 3 points
2023-08-07 21:38:54,359.mtcars_server.INFO READING df from C:\Users\timgo\OneDrive\Desktop\School\Summer2023\Continuous Intelligence\Module07\cintel-07-final\data\mtcars_stock.csv
2023-08-07 21:38:54,369.mtcars_server.INFO READING df len 12
2023-08-07 21:38:54,369.mtcars_server.INFO init reactive_temp_df len: 12
2023-08-07 21:38:54,371.mtcars_server.INFO mtcars_temperature_location_string starting
2023-08-07 21:38:54,372.mtcars_server.INFO Recent regular market price for Duolingo.
Updated once per minute for 15 minutes.
Keeps the most recent 10 minutes of data.
2023-08-07 21:38:54,375.mtcars_server.INFO Rendering STOCK table with 3 rows
2023-08-07 21:38:54,385.mtcars_server.INFO Rendering STOCK chart with 3 points
2023-08-07 21:38:56,002.mtcars_server.INFO READING df from C:\Users\timgo\OneDrive\Desktop\School\Summer2023\Continuous Intelligence\Module07\cintel-07-final\data\mtcars_location.csv
2023-08-07 21:38:56,023.mtcars_server.INFO READING df len 4
2023-08-07 21:38:56,025.mtcars_server.INFO Rendering TEMP table with 1 rows
2023-08-07 21:38:56,038.mtcars_server.INFO Rendering TEMP chart with 1 points
2023-08-07 21:38:56,188.mtcars_server.INFO READING df from C:\Users\timgo\OneDrive\Desktop\School\Summer2023\Continuous Intelligence\Module07\cintel-07-final\data\mtcars_stock.csv
2023-08-07 21:38:56,198.mtcars_server.INFO READING df len 4
2023-08-07 21:38:56,201.mtcars_server.INFO Rendering STOCK table with 1 rows
2023-08-07 21:38:56,209.mtcars_server.INFO Rendering STOCK chart with 1 points
2023-08-07 21:39:04,763.mtcars_server.INFO init reactive_temp_df len: 4
2023-08-07 21:39:04,767.mtcars_server.INFO mtcars_temperature_location_string starting
2023-08-07 21:39:04,768.mtcars_server.INFO Recent regular market price for Allbirds.
Updated once per minute for 15 minutes.
Keeps the most recent 10 minutes of data.
2023-08-07 21:39:04,773.mtcars_server.INFO Rendering STOCK table with 1 rows
2023-08-07 21:39:04,777.mtcars_server.INFO Rendering STOCK chart with 1 points
2023-08-07 21:39:06,860.mtcars_server.INFO init reactive_temp_df len: 4
2023-08-07 21:39:06,864.mtcars_server.INFO mtcars_temperature_location_string starting
2023-08-07 21:39:06,866.mtcars_server.INFO Recent regular market price for The Vita Coco Company.
Updated once per minute for 15 minutes.
Keeps the most recent 10 minutes of data.
2023-08-07 21:39:06,874.mtcars_server.INFO Rendering STOCK table with 1 rows
2023-08-07 21:39:06,881.mtcars_server.INFO Rendering STOCK chart with 1 points
